<?xml version="1.0" encoding="UTF-8"?>
<!-- Generated by org.testng.reporters.JUnitXMLReporter -->
<testsuite ignored="0" hostname="LAPTOP-U0L5QPBP" failures="0" tests="5" name="Default test" time="49.382" errors="0" timestamp="2021-12-27T14:18:10 COT">
  <testcase classname="segurosBolivar.TestClass" name="VerifyVivaAir" time="14.653"/>
  <testcase classname="segurosBolivar.TestClass" name="VerifyVivaAir" time="7.291"/>
  <testcase classname="segurosBolivar.TestClass" name="VerifyVivaAir" time="6.106"/>
  <testcase classname="segurosBolivar.TestClass" name="VerifyVivaAir" time="5.765"/>
  <testcase classname="segurosBolivar.TestClass" name="VerifyVivaAir" time="10.499"/>
</testsuite> <!-- Default test -->
