<?xml version="1.0" encoding="UTF-8"?>
<testng-results ignored="0" total="5" passed="5" failed="0" skipped="0">
  <reporter-output>
  </reporter-output>
  <suite started-at="2021-12-27T14:17:20 COT" name="Default suite" finished-at="2021-12-27T14:18:10 COT" duration-ms="49382">
    <groups>
    </groups>
    <test started-at="2021-12-27T14:17:20 COT" name="Default test" finished-at="2021-12-27T14:18:10 COT" duration-ms="49382">
      <class name="segurosBolivar.TestClass">
        <test-method is-config="true" signature="setup()[pri:0, instance:segurosBolivar.TestClass@53ce1329]" started-at="2021-12-27T14:17:20 COT" name="setup" finished-at="2021-12-27T14:17:25 COT" duration-ms="4253" status="PASS">
          <reporter-output>
          </reporter-output>
        </test-method> <!-- setup -->
        <test-method signature="VerifyVivaAir(java.lang.String,java.lang.String,java.lang.String,java.lang.String)[pri:0, instance:segurosBolivar.TestClass@53ce1329]" started-at="2021-12-27T14:17:25 COT" name="VerifyVivaAir" data-provider="SearchProvider" finished-at="2021-12-27T14:17:39 COT" duration-ms="14653" status="PASS">
          <params>
            <param index="0">
              <value>
                <![CDATA[Bucaramanga]]>
              </value>
            </param>
            <param index="1">
              <value>
                <![CDATA[Monteria]]>
              </value>
            </param>
            <param index="2">
              <value>
                <![CDATA[10]]>
              </value>
            </param>
            <param index="3">
              <value>
                <![CDATA[1]]>
              </value>
            </param>
          </params>
          <reporter-output>
          </reporter-output>
        </test-method> <!-- VerifyVivaAir -->
        <test-method signature="VerifyVivaAir(java.lang.String,java.lang.String,java.lang.String,java.lang.String)[pri:0, instance:segurosBolivar.TestClass@53ce1329]" started-at="2021-12-27T14:17:39 COT" name="VerifyVivaAir" data-provider="SearchProvider" finished-at="2021-12-27T14:17:47 COT" duration-ms="7291" status="PASS">
          <params>
            <param index="0">
              <value>
                <![CDATA[Cali]]>
              </value>
            </param>
            <param index="1">
              <value>
                <![CDATA[Barranquilla]]>
              </value>
            </param>
            <param index="2">
              <value>
                <![CDATA[6]]>
              </value>
            </param>
            <param index="3">
              <value>
                <![CDATA[1]]>
              </value>
            </param>
          </params>
          <reporter-output>
          </reporter-output>
        </test-method> <!-- VerifyVivaAir -->
        <test-method signature="VerifyVivaAir(java.lang.String,java.lang.String,java.lang.String,java.lang.String)[pri:0, instance:segurosBolivar.TestClass@53ce1329]" started-at="2021-12-27T14:17:47 COT" name="VerifyVivaAir" data-provider="SearchProvider" finished-at="2021-12-27T14:17:53 COT" duration-ms="6106" status="PASS">
          <params>
            <param index="0">
              <value>
                <![CDATA[Bogotá]]>
              </value>
            </param>
            <param index="1">
              <value>
                <![CDATA[Cali]]>
              </value>
            </param>
            <param index="2">
              <value>
                <![CDATA[10]]>
              </value>
            </param>
            <param index="3">
              <value>
                <![CDATA[1]]>
              </value>
            </param>
          </params>
          <reporter-output>
          </reporter-output>
        </test-method> <!-- VerifyVivaAir -->
        <test-method signature="VerifyVivaAir(java.lang.String,java.lang.String,java.lang.String,java.lang.String)[pri:0, instance:segurosBolivar.TestClass@53ce1329]" started-at="2021-12-27T14:17:53 COT" name="VerifyVivaAir" data-provider="SearchProvider" finished-at="2021-12-27T14:17:58 COT" duration-ms="5765" status="PASS">
          <params>
            <param index="0">
              <value>
                <![CDATA[Cúcuta]]>
              </value>
            </param>
            <param index="1">
              <value>
                <![CDATA[Bogotá]]>
              </value>
            </param>
            <param index="2">
              <value>
                <![CDATA[23]]>
              </value>
            </param>
            <param index="3">
              <value>
                <![CDATA[1]]>
              </value>
            </param>
          </params>
          <reporter-output>
          </reporter-output>
        </test-method> <!-- VerifyVivaAir -->
        <test-method signature="VerifyVivaAir(java.lang.String,java.lang.String,java.lang.String,java.lang.String)[pri:0, instance:segurosBolivar.TestClass@53ce1329]" started-at="2021-12-27T14:17:58 COT" name="VerifyVivaAir" data-provider="SearchProvider" finished-at="2021-12-27T14:18:09 COT" duration-ms="10499" status="PASS">
          <params>
            <param index="0">
              <value>
                <![CDATA[Bogotá]]>
              </value>
            </param>
            <param index="1">
              <value>
                <![CDATA[Medellín]]>
              </value>
            </param>
            <param index="2">
              <value>
                <![CDATA[15 ]]>
              </value>
            </param>
            <param index="3">
              <value>
                <![CDATA[1]]>
              </value>
            </param>
          </params>
          <reporter-output>
          </reporter-output>
        </test-method> <!-- VerifyVivaAir -->
        <test-method is-config="true" signature="Cerrar()[pri:0, instance:segurosBolivar.TestClass@53ce1329]" started-at="2021-12-27T14:18:09 COT" name="Cerrar" finished-at="2021-12-27T14:18:10 COT" duration-ms="674" status="PASS">
          <reporter-output>
          </reporter-output>
        </test-method> <!-- Cerrar -->
      </class> <!-- segurosBolivar.TestClass -->
    </test> <!-- Default test -->
  </suite> <!-- Default suite -->
</testng-results>
